[2025-07-19 02:08:00.685] [info]  Started chunker-electron
[2025-07-19 02:09:41.568] [info]  Info from process: Picked up _JAVA_OPTIONS: -Xmx10502M
[2025-07-19 02:10:01.993] [error] Error from process: Missing block mapping for {Name:"minecraft:bush"}
[2025-07-19 02:10:02.065] [error] Error from process: Missing block mapping for {Name:"minecraft:leaf_litter",Properties:{facing:"south",segment_amount:"3"}}
[2025-07-19 02:10:02.066] [error] Error from process: Missing block mapping for {Name:"minecraft:leaf_litter",Properties:{facing:"north",segment_amount:"1"}}
Missing block mapping for {Name:"minecraft:leaf_litter",Properties:{facing:"west",segment_amount:"3"}}
Missing block mapping for {Name:"minecraft:leaf_litter",Properties:{facing:"west",segment_amount:"1"}}
[2025-07-19 02:10:02.079] [error] Error from process: Missing block mapping for {Name:"minecraft:firefly_bush"}
[2025-07-19 02:10:02.118] [error] Error from process: Missing block mapping for {Name:"minecraft:leaf_litter",Properties:{facing:"south",segment_amount:"1"}}
[2025-07-19 02:10:02.119] [error] Error from process: Missing block mapping for {Name:"minecraft:leaf_litter",Properties:{facing:"east",segment_amount:"1"}}
Missing block mapping for {Name:"minecraft:leaf_litter",Properties:{facing:"north",segment_amount:"3"}}
Missing block mapping for {Name:"minecraft:leaf_litter",Properties:{facing:"east",segment_amount:"2"}}
[2025-07-19 02:10:02.147] [error] Error from process: Missing block mapping for {Name:"minecraft:leaf_litter",Properties:{facing:"south",segment_amount:"4"}}
[2025-07-19 02:10:02.224] [error] Error from process: Missing block mapping for {Name:"minecraft:wildflowers",Properties:{facing:"east",flower_amount:"2"}}
Missing block mapping for {Name:"minecraft:wildflowers",Properties:{facing:"north",flower_amount:"1"}}
[2025-07-19 02:10:02.224] [error] Error from process: Missing block mapping for {Name:"minecraft:wildflowers",Properties:{facing:"west",flower_amount:"1"}}
Missing block mapping for {Name:"minecraft:wildflowers",Properties:{facing:"east",flower_amount:"4"}}
Missing block mapping for {Name:"minecraft:wildflowers",Properties:{facing:"west",flower_amount:"3"}}
Missing block mapping for {Name:"minecraft:wildflowers",Properties:{facing:"south",flower_amount:"4"}}
Missing block mapping for {Name:"minecraft:wildflowers",Properties:{facing:"south",flower_amount:"1"}}
Missing block mapping for {Name:"minecraft:wildflowers",Properties:{facing:"north",flower_amount:"4"}}
Missing block mapping for {Name:"minecraft:wildflowers",Properties:{facing:"south",flower_amount:"3"}}
Missing block mapping for {Name:"minecraft:wildflowers",Properties:{facing:"north",flower_amount:"3"}}
Missing block mapping for {Name:"minecraft:wildflowers",Properties:{facing:"west",flower_amount:"2"}}
Missing block mapping for {Name:"minecraft:wildflowers",Properties:{facing:"north",flower_amount:"2"}}
Missing block mapping for {Name:"minecraft:wildflowers",Properties:{facing:"east",flower_amount:"1"}}
Missing block mapping for {Name:"minecraft:wildflowers",Properties:{facing:"south",flower_amount:"2"}}
Missing block mapping for {Name:"minecraft:wildflowers",Properties:{facing:"east",flower_amount:"3"}}
[2025-07-19 02:10:02.275] [error] Error from process: Missing block mapping for {Name:"minecraft:leaf_litter",Properties:{facing:"south",segment_amount:"2"}}
Missing block mapping for {Name:"minecraft:leaf_litter",Properties:{facing:"north",segment_amount:"2"}}
[2025-07-19 02:10:02.275] [error] Error from process: Missing block mapping for {Name:"minecraft:leaf_litter",Properties:{facing:"north",segment_amount:"4"}}
Missing block mapping for {Name:"minecraft:leaf_litter",Properties:{facing:"east",segment_amount:"3"}}
[2025-07-19 02:10:02.292] [error] Error from process: Missing block mapping for {Name:"minecraft:wildflowers",Properties:{facing:"west",flower_amount:"4"}}
[2025-07-19 02:10:02.331] [error] Error from process: Missing block mapping for {Name:"minecraft:leaf_litter",Properties:{facing:"west",segment_amount:"2"}}
Missing block mapping for {Name:"minecraft:leaf_litter",Properties:{facing:"east",segment_amount:"4"}}
[2025-07-19 02:10:02.878] [error] Error from process: Missing block mapping for {Name:"minecraft:leaf_litter",Properties:{facing:"west",segment_amount:"4"}}
[2025-07-19 02:10:31.501] [info]  Deleting session data:  822aaa1a-1d1a-41c8-bd09-aa6c8714f2e6
[2025-07-23 14:57:32.513] [info]  Started chunker-electron
[2025-07-23 14:57:59.744] [info]  Info from process: Picked up _JAVA_OPTIONS: -Xmx12860M
[2025-07-23 14:59:19.873] [error] WebContents#unresponsive: { args: [] }
[2025-07-23 14:59:23.166] [error] Failed to close process TypeError: Object has been destroyed
    at b.send (node:electron/js2c/browser_init:2:78644)
    at Session.sendRaw (file:///tmp/.mount_ChunkezCcvHw/resources/app.asar/src/session.js:217:27)
    at file:///tmp/.mount_ChunkezCcvHw/resources/app.asar/src/session.js:179:18
    at Session.close (file:///tmp/.mount_ChunkezCcvHw/resources/app.asar/src/session.js:194:11)
    at ChildProcess.<anonymous> (file:///tmp/.mount_ChunkezCcvHw/resources/app.asar/src/session.js:165:18)
    at ChildProcess.emit (node:events:518:28)
    at maybeClose (node:internal/child_process:1101:16)
    at ChildProcess._handle.onexit (node:internal/child_process:304:5)
[2025-07-23 14:59:27.943] [info]  Started chunker-electron
[2025-07-23 14:59:43.635] [info]  Info from process: Picked up _JAVA_OPTIONS: -Xmx12622M
[2025-07-23 14:59:49.356] [error] Error from process: Missing trim pattern mapping for copper_armor:custom_copper
[2025-07-23 15:00:19.172] [info]  Deleting session data:  1f598160-0318-4d40-9774-2659323012b6
